<?xml version="1.0" encoding="utf-8"?><testsuites><testsuite name="pytest" errors="0" failures="0" skipped="0" tests="8" time="8.178" timestamp="2025-01-21T16:05:17.988727+05:30" hostname="DESKTOP-RHT8N4D"><testcase classname="tests.test_email_signup" name="test_email_user_flow[credentials0]" time="0.955" /><testcase classname="tests.test_email_signup" name="test_email_user_flow[credentials1]" time="0.852" /><testcase classname="tests.test_forgotpassword" name="test_forgotpassword_flow[credentials0]" time="1.672" /><testcase classname="tests.test_multiple_users" name="test_create_user[credentials0]" time="0.867" /><testcase classname="tests.test_multiple_users" name="test_create_user[credentials1]" time="0.836" /><testcase classname="tests.test_multiple_users" name="test_delete_user[credentials0]" time="0.934" /><testcase classname="tests.test_multiple_users" name="test_delete_user[credentials1]" time="0.882" /><testcase classname="tests.test_phonenumber_signup" name="test_user_flow[credentials0]" time="0.847" /></testsuite></testsuites>